[GIN-debug] [WARNING] Creating an Engine instance with the Logger and Recovery middleware already attached.

[GIN-debug] [WARNING] Running in "debug" mode. Switch to "release" mode in production.
 - using env:	export GIN_MODE=release
 - using code:	gin.SetMode(gin.ReleaseMode)

[GIN-debug] GET    /api/v1/api/pigs/ping     --> pigs/routers.User.func1 (5 handlers)
[GIN-debug] GET    /api/v1/api/pigs/pid      --> pigs/routers.User.func2 (5 handlers)
[GIN-debug] GET    /api/v1/api/pigs/addr     --> pigs/routers.User.func3 (5 handlers)
[GIN-debug] POST   /api/v1/user/register     --> pigs/controller.Register (5 handlers)
[GIN-debug] POST   /api/v1/user/login        --> pigs/controller.Login (5 handlers)
[GIN-debug] GET    /api/v1/user/info         --> pigs/controller.UserInfo (8 handlers)
[GIN-debug] POST   /api/v1/k8s/cluster       --> pigs/controller.CreateK8SCluster (8 handlers)
[GIN-debug] GET    /api/v1/k8s/cluster       --> pigs/controller.ListK8SCluster (8 handlers)
[GIN-debug] Listening and serving HTTP on :8999
[GIN] 2021/09/26 - 20:40:40 |[97;42m 204 [0m|       998.3µs |             ::1 |[90;47m OPTIONS [0m "/api/v1/user/login"
::1 - [2021-09-26T20:40:40+08:00] "POST /api/v1/user/login HTTP/1.1 200 95.7436ms "Mozilla/5.0 (Windows NT 10.0; Win64; x64) AppleWebKit/537.36 (KHTML, like Gecko) Chrome/91.0.4472.124 Safari/537.36" "
[GIN] 2021/09/26 - 20:40:40 |[97;42m 200 [0m|     95.7436ms |             ::1 |[97;46m POST    [0m "/api/v1/user/login"
::1 - [2021-09-26T20:40:44+08:00] "POST /api/v1/user/login HTTP/1.1 200 95.8447ms "Mozilla/5.0 (Windows NT 10.0; Win64; x64) AppleWebKit/537.36 (KHTML, like Gecko) Chrome/91.0.4472.124 Safari/537.36" "
[GIN] 2021/09/26 - 20:40:44 |[97;42m 200 [0m|     95.8447ms |             ::1 |[97;46m POST    [0m "/api/v1/user/login"
[GIN] 2021/09/26 - 20:40:54 |[97;42m 204 [0m|            0s |             ::1 |[90;47m OPTIONS [0m "/api/v1/k8s/cluster"
::1 - [2021-09-26T20:40:54+08:00] "GET /api/v1/k8s/cluster HTTP/1.1 200 39.3802ms "Mozilla/5.0 (Windows NT 10.0; Win64; x64) AppleWebKit/537.36 (KHTML, like Gecko) Chrome/91.0.4472.124 Safari/537.36" "
[GIN] 2021/09/26 - 20:40:54 |[97;42m 200 [0m|     39.3802ms |             ::1 |[97;44m GET     [0m "/api/v1/k8s/cluster"
[GIN] 2021/09/26 - 20:40:56 |[97;42m 204 [0m|            0s |             ::1 |[90;47m OPTIONS [0m "/api/v1/k8s/cluster?page=2&size=10"
::1 - [2021-09-26T20:40:56+08:00] "GET /api/v1/k8s/cluster?page=2&size=10 HTTP/1.1 200 13.9619ms "Mozilla/5.0 (Windows NT 10.0; Win64; x64) AppleWebKit/537.36 (KHTML, like Gecko) Chrome/91.0.4472.124 Safari/537.36" "
[GIN] 2021/09/26 - 20:40:56 |[97;42m 200 [0m|     13.9619ms |             ::1 |[97;44m GET     [0m "/api/v1/k8s/cluster?page=2&size=10"
[GIN] 2021/09/26 - 20:40:59 |[97;42m 204 [0m|            0s |             ::1 |[90;47m OPTIONS [0m "/api/v1/k8s/cluster"
::1 - [2021-09-26T20:40:59+08:00] "GET /api/v1/k8s/cluster HTTP/1.1 200 80.3634ms "Mozilla/5.0 (Windows NT 10.0; Win64; x64) AppleWebKit/537.36 (KHTML, like Gecko) Chrome/91.0.4472.124 Safari/537.36" "
[GIN] 2021/09/26 - 20:40:59 |[97;42m 200 [0m|     80.3634ms |             ::1 |[97;44m GET     [0m "/api/v1/k8s/cluster"
[GIN] 2021/09/26 - 20:41:02 |[97;42m 204 [0m|            0s |             ::1 |[90;47m OPTIONS [0m "/api/v1/k8s/cluster?page=2&size=10"
::1 - [2021-09-26T20:41:02+08:00] "GET /api/v1/k8s/cluster?page=2&size=10 HTTP/1.1 200 26.1189ms "Mozilla/5.0 (Windows NT 10.0; Win64; x64) AppleWebKit/537.36 (KHTML, like Gecko) Chrome/91.0.4472.124 Safari/537.36" "
[GIN] 2021/09/26 - 20:41:02 |[97;42m 200 [0m|     27.0941ms |             ::1 |[97;44m GET     [0m "/api/v1/k8s/cluster?page=2&size=10"
[GIN] 2021/09/26 - 20:41:05 |[97;42m 204 [0m|            0s |             ::1 |[90;47m OPTIONS [0m "/api/v1/k8s/cluster?size=20"
::1 - [2021-09-26T20:41:05+08:00] "GET /api/v1/k8s/cluster?size=20 HTTP/1.1 200 28.9661ms "Mozilla/5.0 (Windows NT 10.0; Win64; x64) AppleWebKit/537.36 (KHTML, like Gecko) Chrome/91.0.4472.124 Safari/537.36" "
[GIN] 2021/09/26 - 20:41:05 |[97;42m 200 [0m|     28.9661ms |             ::1 |[97;44m GET     [0m "/api/v1/k8s/cluster?size=20"
[GIN] 2021/09/26 - 20:41:17 |[97;42m 204 [0m|            0s |             ::1 |[90;47m OPTIONS [0m "/api/v1/k8s/cluster?size=40"
::1 - [2021-09-26T20:41:17+08:00] "GET /api/v1/k8s/cluster?size=40 HTTP/1.1 200 39.8917ms "Mozilla/5.0 (Windows NT 10.0; Win64; x64) AppleWebKit/537.36 (KHTML, like Gecko) Chrome/91.0.4472.124 Safari/537.36" "
[GIN] 2021/09/26 - 20:41:17 |[97;42m 200 [0m|     39.8917ms |             ::1 |[97;44m GET     [0m "/api/v1/k8s/cluster?size=40"
[GIN] 2021/09/26 - 20:41:35 |[97;42m 204 [0m|            0s |             ::1 |[90;47m OPTIONS [0m "/api/v1/k8s/cluster?size=10"
::1 - [2021-09-26T20:41:35+08:00] "GET /api/v1/k8s/cluster?size=10 HTTP/1.1 200 18.954ms "Mozilla/5.0 (Windows NT 10.0; Win64; x64) AppleWebKit/537.36 (KHTML, like Gecko) Chrome/91.0.4472.124 Safari/537.36" "
[GIN] 2021/09/26 - 20:41:35 |[97;42m 200 [0m|      18.954ms |             ::1 |[97;44m GET     [0m "/api/v1/k8s/cluster?size=10"
[GIN] 2021/09/26 - 20:41:36 |[97;42m 204 [0m|            0s |             ::1 |[90;47m OPTIONS [0m "/api/v1/k8s/cluster?page=2&size=10"
::1 - [2021-09-26T20:41:37+08:00] "GET /api/v1/k8s/cluster?page=2&size=10 HTTP/1.1 200 24.9327ms "Mozilla/5.0 (Windows NT 10.0; Win64; x64) AppleWebKit/537.36 (KHTML, like Gecko) Chrome/91.0.4472.124 Safari/537.36" "
[GIN] 2021/09/26 - 20:41:37 |[97;42m 200 [0m|     25.9298ms |             ::1 |[97;44m GET     [0m "/api/v1/k8s/cluster?page=2&size=10"
[GIN] 2021/09/26 - 20:41:37 |[97;42m 204 [0m|            0s |             ::1 |[90;47m OPTIONS [0m "/api/v1/k8s/cluster?page=1&size=10"
::1 - [2021-09-26T20:41:37+08:00] "GET /api/v1/k8s/cluster?page=1&size=10 HTTP/1.1 200 74.4503ms "Mozilla/5.0 (Windows NT 10.0; Win64; x64) AppleWebKit/537.36 (KHTML, like Gecko) Chrome/91.0.4472.124 Safari/537.36" "
[GIN] 2021/09/26 - 20:41:37 |[97;42m 200 [0m|     74.4503ms |             ::1 |[97;44m GET     [0m "/api/v1/k8s/cluster?page=1&size=10"
[GIN] 2021/09/26 - 20:41:45 |[97;42m 204 [0m|            0s |             ::1 |[90;47m OPTIONS [0m "/api/v1/k8s/cluster"
::1 - [2021-09-26T20:41:45+08:00] "GET /api/v1/k8s/cluster HTTP/1.1 200 38.8961ms "Mozilla/5.0 (Windows NT 10.0; Win64; x64) AppleWebKit/537.36 (KHTML, like Gecko) Chrome/91.0.4472.124 Safari/537.36" "
[GIN] 2021/09/26 - 20:41:45 |[97;42m 200 [0m|     38.8961ms |             ::1 |[97;44m GET     [0m "/api/v1/k8s/cluster"
[GIN] 2021/09/26 - 20:41:48 |[97;42m 204 [0m|            0s |             ::1 |[90;47m OPTIONS [0m "/api/v1/k8s/cluster?size=20"
::1 - [2021-09-26T20:41:48+08:00] "GET /api/v1/k8s/cluster?size=20 HTTP/1.1 200 22.9434ms "Mozilla/5.0 (Windows NT 10.0; Win64; x64) AppleWebKit/537.36 (KHTML, like Gecko) Chrome/91.0.4472.124 Safari/537.36" "
[GIN] 2021/09/26 - 20:41:48 |[97;42m 200 [0m|     22.9434ms |             ::1 |[97;44m GET     [0m "/api/v1/k8s/cluster?size=20"
[GIN] 2021/09/26 - 20:41:51 |[97;42m 204 [0m|            0s |             ::1 |[90;47m OPTIONS [0m "/api/v1/k8s/cluster?size=10"
::1 - [2021-09-26T20:41:51+08:00] "GET /api/v1/k8s/cluster?size=10 HTTP/1.1 200 32.9019ms "Mozilla/5.0 (Windows NT 10.0; Win64; x64) AppleWebKit/537.36 (KHTML, like Gecko) Chrome/91.0.4472.124 Safari/537.36" "
[GIN] 2021/09/26 - 20:41:51 |[97;42m 200 [0m|     32.9019ms |             ::1 |[97;44m GET     [0m "/api/v1/k8s/cluster?size=10"
[GIN] 2021/09/26 - 20:41:52 |[97;42m 204 [0m|            0s |             ::1 |[90;47m OPTIONS [0m "/api/v1/k8s/cluster?page=2&size=10"
::1 - [2021-09-26T20:41:52+08:00] "GET /api/v1/k8s/cluster?page=2&size=10 HTTP/1.1 200 49.8664ms "Mozilla/5.0 (Windows NT 10.0; Win64; x64) AppleWebKit/537.36 (KHTML, like Gecko) Chrome/91.0.4472.124 Safari/537.36" "
[GIN] 2021/09/26 - 20:41:52 |[97;42m 200 [0m|     49.8664ms |             ::1 |[97;44m GET     [0m "/api/v1/k8s/cluster?page=2&size=10"
[GIN] 2021/09/26 - 20:41:54 |[97;42m 204 [0m|            0s |             ::1 |[90;47m OPTIONS [0m "/api/v1/k8s/cluster?size=40"
::1 - [2021-09-26T20:41:54+08:00] "GET /api/v1/k8s/cluster?size=40 HTTP/1.1 200 22.9387ms "Mozilla/5.0 (Windows NT 10.0; Win64; x64) AppleWebKit/537.36 (KHTML, like Gecko) Chrome/91.0.4472.124 Safari/537.36" "
[GIN] 2021/09/26 - 20:41:54 |[97;42m 200 [0m|     22.9387ms |             ::1 |[97;44m GET     [0m "/api/v1/k8s/cluster?size=40"
[GIN] 2021/09/26 - 20:41:57 |[97;42m 204 [0m|            0s |             ::1 |[90;47m OPTIONS [0m "/api/v1/k8s/cluster?size=10"
::1 - [2021-09-26T20:41:57+08:00] "GET /api/v1/k8s/cluster?size=10 HTTP/1.1 200 27.9302ms "Mozilla/5.0 (Windows NT 10.0; Win64; x64) AppleWebKit/537.36 (KHTML, like Gecko) Chrome/91.0.4472.124 Safari/537.36" "
[GIN] 2021/09/26 - 20:41:57 |[97;42m 200 [0m|     27.9302ms |             ::1 |[97;44m GET     [0m "/api/v1/k8s/cluster?size=10"
[GIN] 2021/09/26 - 20:41:58 |[97;42m 204 [0m|            0s |             ::1 |[90;47m OPTIONS [0m "/api/v1/k8s/cluster?page=2&size=10"
::1 - [2021-09-26T20:41:58+08:00] "GET /api/v1/k8s/cluster?page=2&size=10 HTTP/1.1 200 33.9107ms "Mozilla/5.0 (Windows NT 10.0; Win64; x64) AppleWebKit/537.36 (KHTML, like Gecko) Chrome/91.0.4472.124 Safari/537.36" "
[GIN] 2021/09/26 - 20:41:58 |[97;42m 200 [0m|     34.9096ms |             ::1 |[97;44m GET     [0m "/api/v1/k8s/cluster?page=2&size=10"
[GIN] 2021/09/26 - 20:41:59 |[97;42m 204 [0m|            0s |             ::1 |[90;47m OPTIONS [0m "/api/v1/k8s/cluster?size=20"
::1 - [2021-09-26T20:41:59+08:00] "GET /api/v1/k8s/cluster?size=20 HTTP/1.1 200 38.9197ms "Mozilla/5.0 (Windows NT 10.0; Win64; x64) AppleWebKit/537.36 (KHTML, like Gecko) Chrome/91.0.4472.124 Safari/537.36" "
[GIN] 2021/09/26 - 20:41:59 |[97;42m 200 [0m|     38.9197ms |             ::1 |[97;44m GET     [0m "/api/v1/k8s/cluster?size=20"
[GIN] 2021/09/26 - 20:42:02 |[97;42m 204 [0m|            0s |             ::1 |[90;47m OPTIONS [0m "/api/v1/k8s/cluster?size=10"
::1 - [2021-09-26T20:42:02+08:00] "GET /api/v1/k8s/cluster?size=10 HTTP/1.1 200 21.9406ms "Mozilla/5.0 (Windows NT 10.0; Win64; x64) AppleWebKit/537.36 (KHTML, like Gecko) Chrome/91.0.4472.124 Safari/537.36" "
[GIN] 2021/09/26 - 20:42:02 |[97;42m 200 [0m|     21.9406ms |             ::1 |[97;44m GET     [0m "/api/v1/k8s/cluster?size=10"
[GIN] 2021/09/26 - 20:42:04 |[97;42m 204 [0m|            0s |             ::1 |[90;47m OPTIONS [0m "/api/v1/k8s/cluster?page=2&size=10"
::1 - [2021-09-26T20:42:04+08:00] "GET /api/v1/k8s/cluster?page=2&size=10 HTTP/1.1 200 26.9282ms "Mozilla/5.0 (Windows NT 10.0; Win64; x64) AppleWebKit/537.36 (KHTML, like Gecko) Chrome/91.0.4472.124 Safari/537.36" "
[GIN] 2021/09/26 - 20:42:04 |[97;42m 200 [0m|     26.9282ms |             ::1 |[97;44m GET     [0m "/api/v1/k8s/cluster?page=2&size=10"
[GIN] 2021/09/26 - 20:42:05 |[97;42m 204 [0m|            0s |             ::1 |[90;47m OPTIONS [0m "/api/v1/k8s/cluster?size=30"
::1 - [2021-09-26T20:42:05+08:00] "GET /api/v1/k8s/cluster?size=30 HTTP/1.1 200 24.9945ms "Mozilla/5.0 (Windows NT 10.0; Win64; x64) AppleWebKit/537.36 (KHTML, like Gecko) Chrome/91.0.4472.124 Safari/537.36" "
[GIN] 2021/09/26 - 20:42:05 |[97;42m 200 [0m|     24.9945ms |             ::1 |[97;44m GET     [0m "/api/v1/k8s/cluster?size=30"
[GIN] 2021/09/26 - 20:42:19 |[97;42m 204 [0m|            0s |             ::1 |[90;47m OPTIONS [0m "/api/v1/k8s/cluster"
::1 - [2021-09-26T20:42:19+08:00] "GET /api/v1/k8s/cluster HTTP/1.1 200 182.527ms "Mozilla/5.0 (Windows NT 10.0; Win64; x64) AppleWebKit/537.36 (KHTML, like Gecko) Chrome/91.0.4472.124 Safari/537.36" "
[GIN] 2021/09/26 - 20:42:19 |[97;42m 200 [0m|     182.527ms |             ::1 |[97;44m GET     [0m "/api/v1/k8s/cluster"
[GIN] 2021/09/26 - 20:46:28 |[97;42m 204 [0m|            0s |             ::1 |[90;47m OPTIONS [0m "/api/v1/k8s/cluster"
::1 - [2021-09-26T20:46:28+08:00] "GET /api/v1/k8s/cluster HTTP/1.1 200 62.4788ms "Mozilla/5.0 (Windows NT 10.0; Win64; x64) AppleWebKit/537.36 (KHTML, like Gecko) Chrome/91.0.4472.124 Safari/537.36" "
[GIN] 2021/09/26 - 20:46:28 |[97;42m 200 [0m|     62.4788ms |             ::1 |[97;44m GET     [0m "/api/v1/k8s/cluster"
[GIN] 2021/09/26 - 20:46:33 |[97;42m 204 [0m|            0s |             ::1 |[90;47m OPTIONS [0m "/api/v1/k8s/cluster?page=2&size=10"
::1 - [2021-09-26T20:46:33+08:00] "GET /api/v1/k8s/cluster?page=2&size=10 HTTP/1.1 200 15.9512ms "Mozilla/5.0 (Windows NT 10.0; Win64; x64) AppleWebKit/537.36 (KHTML, like Gecko) Chrome/91.0.4472.124 Safari/537.36" "
[GIN] 2021/09/26 - 20:46:33 |[97;42m 200 [0m|     15.9512ms |             ::1 |[97;44m GET     [0m "/api/v1/k8s/cluster?page=2&size=10"
[GIN] 2021/09/26 - 20:46:38 |[97;42m 204 [0m|            0s |             ::1 |[90;47m OPTIONS [0m "/api/v1/k8s/cluster?size=20"
::1 - [2021-09-26T20:46:38+08:00] "GET /api/v1/k8s/cluster?size=20 HTTP/1.1 200 17.9527ms "Mozilla/5.0 (Windows NT 10.0; Win64; x64) AppleWebKit/537.36 (KHTML, like Gecko) Chrome/91.0.4472.124 Safari/537.36" "
[GIN] 2021/09/26 - 20:46:38 |[97;42m 200 [0m|     17.9527ms |             ::1 |[97;44m GET     [0m "/api/v1/k8s/cluster?size=20"
[GIN] 2021/09/26 - 20:46:41 |[97;42m 204 [0m|            0s |             ::1 |[90;47m OPTIONS [0m "/api/v1/k8s/cluster?size=40"
::1 - [2021-09-26T20:46:41+08:00] "GET /api/v1/k8s/cluster?size=40 HTTP/1.1 200 22.016ms "Mozilla/5.0 (Windows NT 10.0; Win64; x64) AppleWebKit/537.36 (KHTML, like Gecko) Chrome/91.0.4472.124 Safari/537.36" "
[GIN] 2021/09/26 - 20:46:41 |[97;42m 200 [0m|     23.0101ms |             ::1 |[97;44m GET     [0m "/api/v1/k8s/cluster?size=40"
[GIN] 2021/09/26 - 20:46:42 |[97;42m 204 [0m|            0s |             ::1 |[90;47m OPTIONS [0m "/api/v1/k8s/cluster?size=10"
::1 - [2021-09-26T20:46:42+08:00] "GET /api/v1/k8s/cluster?size=10 HTTP/1.1 200 15.9875ms "Mozilla/5.0 (Windows NT 10.0; Win64; x64) AppleWebKit/537.36 (KHTML, like Gecko) Chrome/91.0.4472.124 Safari/537.36" "
[GIN] 2021/09/26 - 20:46:42 |[97;42m 200 [0m|     15.9875ms |             ::1 |[97;44m GET     [0m "/api/v1/k8s/cluster?size=10"
::1 - [2021-09-26T20:46:44+08:00] "GET /api/v1/k8s/cluster?size=40 HTTP/1.1 200 19.9404ms "Mozilla/5.0 (Windows NT 10.0; Win64; x64) AppleWebKit/537.36 (KHTML, like Gecko) Chrome/91.0.4472.124 Safari/537.36" "
[GIN] 2021/09/26 - 20:46:44 |[97;42m 200 [0m|     19.9404ms |             ::1 |[97;44m GET     [0m "/api/v1/k8s/cluster?size=40"
::1 - [2021-09-26T20:46:46+08:00] "GET /api/v1/k8s/cluster?size=10 HTTP/1.1 200 18.949ms "Mozilla/5.0 (Windows NT 10.0; Win64; x64) AppleWebKit/537.36 (KHTML, like Gecko) Chrome/91.0.4472.124 Safari/537.36" "
[GIN] 2021/09/26 - 20:46:46 |[97;42m 200 [0m|      18.949ms |             ::1 |[97;44m GET     [0m "/api/v1/k8s/cluster?size=10"
[GIN] 2021/09/26 - 20:46:47 |[97;42m 204 [0m|            0s |             ::1 |[90;47m OPTIONS [0m "/api/v1/k8s/cluster?page=2&size=10"
::1 - [2021-09-26T20:46:47+08:00] "GET /api/v1/k8s/cluster?page=2&size=10 HTTP/1.1 200 17.9749ms "Mozilla/5.0 (Windows NT 10.0; Win64; x64) AppleWebKit/537.36 (KHTML, like Gecko) Chrome/91.0.4472.124 Safari/537.36" "
[GIN] 2021/09/26 - 20:46:47 |[97;42m 200 [0m|     17.9749ms |             ::1 |[97;44m GET     [0m "/api/v1/k8s/cluster?page=2&size=10"
[GIN] 2021/09/26 - 20:46:48 |[97;42m 204 [0m|            0s |             ::1 |[90;47m OPTIONS [0m "/api/v1/k8s/cluster?size=30"
::1 - [2021-09-26T20:46:48+08:00] "GET /api/v1/k8s/cluster?size=30 HTTP/1.1 200 21.0092ms "Mozilla/5.0 (Windows NT 10.0; Win64; x64) AppleWebKit/537.36 (KHTML, like Gecko) Chrome/91.0.4472.124 Safari/537.36" "
[GIN] 2021/09/26 - 20:46:48 |[97;42m 200 [0m|     21.0092ms |             ::1 |[97;44m GET     [0m "/api/v1/k8s/cluster?size=30"
[GIN] 2021/09/26 - 20:59:46 |[97;42m 204 [0m|            0s |             ::1 |[90;47m OPTIONS [0m "/api/v1/k8s/cluster"
::1 - [2021-09-26T20:59:47+08:00] "GET /api/v1/k8s/cluster HTTP/1.1 200 428.5202ms "Mozilla/5.0 (Windows NT 10.0; Win64; x64) AppleWebKit/537.36 (KHTML, like Gecko) Chrome/91.0.4472.124 Safari/537.36" "
[GIN] 2021/09/26 - 20:59:47 |[97;42m 200 [0m|    428.5202ms |             ::1 |[97;44m GET     [0m "/api/v1/k8s/cluster"
